{"C:\\Users\\Benjamin\\Desktop\\fullstack2\\Prueba2-Real-main\\src\\App.tsx": {"path":"C:\\Users\\Benjamin\\Desktop\\fullstack2\\Prueba2-Real-main\\src\\App.tsx","statementMap":{"0":{"start":{"line":25,"column":2},"end":{"line":32,"column":null}},"1":{"start":{"line":38,"column":2},"end":{"line":66,"column":null}}},"fnMap":{"0":{"name":"MainLayout","decl":{"start":{"line":24,"column":9},"end":{"line":24,"column":22}},"loc":{"start":{"line":24,"column":22},"end":{"line":34,"column":null}},"line":24},"1":{"name":"App","decl":{"start":{"line":37,"column":9},"end":{"line":37,"column":15}},"loc":{"start":{"line":37,"column":15},"end":{"line":68,"column":null}},"line":37}},"branchMap":{},"s":{"0":0,"1":0},"f":{"0":0,"1":0},"b":{},"meta":{"lastBranch":0,"lastFunction":2,"lastStatement":2,"seen":{"f:24:9:24:22":0,"s:25:2:32:Infinity":0,"f:37:9:37:15":1,"s:38:2:66:Infinity":1}}}
,"C:\\Users\\Benjamin\\Desktop\\fullstack2\\Prueba2-Real-main\\src\\Components\\FeaturedProducts.tsx": {"path":"C:\\Users\\Benjamin\\Desktop\\fullstack2\\Prueba2-Real-main\\src\\Components\\FeaturedProducts.tsx","statementMap":{"0":{"start":{"line":17,"column":48},"end":{"line":30,"column":null}},"1":{"start":{"line":18,"column":2},"end":{"line":28,"column":null}},"2":{"start":{"line":33,"column":34},"end":{"line":38,"column":null}},"3":{"start":{"line":41,"column":35},"end":{"line":52,"column":null}},"4":{"start":{"line":42,"column":2},"end":{"line":50,"column":null}},"5":{"start":{"line":47,"column":10},"end":{"line":47,"column":null}}},"fnMap":{"0":{"name":"(anonymous_0)","decl":{"start":{"line":17,"column":48},"end":{"line":17,"column":49}},"loc":{"start":{"line":17,"column":65},"end":{"line":30,"column":null}},"line":17},"1":{"name":"(anonymous_1)","decl":{"start":{"line":41,"column":35},"end":{"line":41,"column":41}},"loc":{"start":{"line":41,"column":41},"end":{"line":52,"column":null}},"line":41},"2":{"name":"(anonymous_2)","decl":{"start":{"line":46,"column":28},"end":{"line":46,"column":null}},"loc":{"start":{"line":47,"column":10},"end":{"line":47,"column":null}},"line":47}},"branchMap":{},"s":{"0":0,"1":0,"2":0,"3":0,"4":0,"5":0},"f":{"0":0,"1":0,"2":0},"b":{},"meta":{"lastBranch":0,"lastFunction":3,"lastStatement":6,"seen":{"s:17:48:30:Infinity":0,"f:17:48:17:49":0,"s:18:2:28:Infinity":1,"s:33:34:38:Infinity":2,"s:41:35:52:Infinity":3,"f:41:35:41:41":1,"s:42:2:50:Infinity":4,"f:46:28:46:Infinity":2,"s:47:10:47:Infinity":5}}}
,"C:\\Users\\Benjamin\\Desktop\\fullstack2\\Prueba2-Real-main\\src\\Components\\Footer.tsx": {"path":"C:\\Users\\Benjamin\\Desktop\\fullstack2\\Prueba2-Real-main\\src\\Components\\Footer.tsx","statementMap":{"0":{"start":{"line":5,"column":2},"end":{"line":8,"column":null}}},"fnMap":{"0":{"name":"Footer","decl":{"start":{"line":4,"column":16},"end":{"line":4,"column":25}},"loc":{"start":{"line":4,"column":25},"end":{"line":10,"column":null}},"line":4}},"branchMap":{},"s":{"0":0},"f":{"0":0},"b":{},"meta":{"lastBranch":0,"lastFunction":1,"lastStatement":1,"seen":{"f:4:16:4:25":0,"s:5:2:8:Infinity":0}}}
,"C:\\Users\\Benjamin\\Desktop\\fullstack2\\Prueba2-Real-main\\src\\Components\\Header.tsx": {"path":"C:\\Users\\Benjamin\\Desktop\\fullstack2\\Prueba2-Real-main\\src\\Components\\Header.tsx","statementMap":{"0":{"start":{"line":15,"column":28},"end":{"line":15,"column":null}},"1":{"start":{"line":16,"column":21},"end":{"line":16,"column":null}},"2":{"start":{"line":21,"column":23},"end":{"line":21,"column":null}},"3":{"start":{"line":23,"column":2},"end":{"line":83,"column":null}}},"fnMap":{"0":{"name":"Header","decl":{"start":{"line":12,"column":16},"end":{"line":12,"column":25}},"loc":{"start":{"line":12,"column":25},"end":{"line":85,"column":null}},"line":12}},"branchMap":{"0":{"loc":{"start":{"line":50,"column":11},"end":{"line":66,"column":null}},"type":"cond-expr","locations":[{"start":{"line":52,"column":12},"end":{"line":60,"column":null}},{"start":{"line":63,"column":12},"end":{"line":66,"column":null}}],"line":50},"1":{"loc":{"start":{"line":73,"column":15},"end":{"line":76,"column":null}},"type":"binary-expr","locations":[{"start":{"line":73,"column":15},"end":{"line":73,"column":null}},{"start":{"line":74,"column":16},"end":{"line":76,"column":null}}],"line":73}},"s":{"0":0,"1":0,"2":0,"3":0},"f":{"0":0},"b":{"0":[0,0],"1":[0,0]},"meta":{"lastBranch":2,"lastFunction":1,"lastStatement":4,"seen":{"f:12:16:12:25":0,"s:15:28:15:Infinity":0,"s:16:21:16:Infinity":1,"s:21:23:21:Infinity":2,"s:23:2:83:Infinity":3,"b:52:12:60:Infinity:63:12:66:Infinity":0,"b:73:15:73:Infinity:74:16:76:Infinity":1}}}
,"C:\\Users\\Benjamin\\Desktop\\fullstack2\\Prueba2-Real-main\\src\\Components\\Hero.tsx": {"path":"C:\\Users\\Benjamin\\Desktop\\fullstack2\\Prueba2-Real-main\\src\\Components\\Hero.tsx","statementMap":{"0":{"start":{"line":4,"column":23},"end":{"line":17,"column":null}},"1":{"start":{"line":5,"column":2},"end":{"line":15,"column":null}}},"fnMap":{"0":{"name":"(anonymous_0)","decl":{"start":{"line":4,"column":23},"end":{"line":4,"column":29}},"loc":{"start":{"line":4,"column":29},"end":{"line":17,"column":null}},"line":4}},"branchMap":{},"s":{"0":0,"1":0},"f":{"0":0},"b":{},"meta":{"lastBranch":0,"lastFunction":1,"lastStatement":2,"seen":{"s:4:23:17:Infinity":0,"f:4:23:4:29":0,"s:5:2:15:Infinity":1}}}
,"C:\\Users\\Benjamin\\Desktop\\fullstack2\\Prueba2-Real-main\\src\\Components\\ProductCard.tsx": {"path":"C:\\Users\\Benjamin\\Desktop\\fullstack2\\Prueba2-Real-main\\src\\Components\\ProductCard.tsx","statementMap":{"0":{"start":{"line":16,"column":22},"end":{"line":21,"column":null}},"1":{"start":{"line":17,"column":4},"end":{"line":20,"column":null}},"2":{"start":{"line":23,"column":2},"end":{"line":44,"column":null}}},"fnMap":{"0":{"name":"ProductCard","decl":{"start":{"line":13,"column":16},"end":{"line":13,"column":28}},"loc":{"start":{"line":13,"column":59},"end":{"line":46,"column":null}},"line":13},"1":{"name":"(anonymous_1)","decl":{"start":{"line":16,"column":22},"end":{"line":16,"column":23}},"loc":{"start":{"line":16,"column":41},"end":{"line":21,"column":null}},"line":16}},"branchMap":{},"s":{"0":0,"1":0,"2":0},"f":{"0":0,"1":0},"b":{},"meta":{"lastBranch":0,"lastFunction":2,"lastStatement":3,"seen":{"f:13:16:13:28":0,"s:16:22:21:Infinity":0,"f:16:22:16:23":1,"s:17:4:20:Infinity":1,"s:23:2:44:Infinity":2}}}
,"C:\\Users\\Benjamin\\Desktop\\fullstack2\\Prueba2-Real-main\\src\\data\\producto.ts": {"path":"C:\\Users\\Benjamin\\Desktop\\fullstack2\\Prueba2-Real-main\\src\\data\\producto.ts","statementMap":{"0":{"start":{"line":16,"column":23},"end":{"line":16,"column":null}},"1":{"start":{"line":18,"column":45},"end":{"line":202,"column":null}}},"fnMap":{},"branchMap":{},"s":{"0":0,"1":0},"f":{},"b":{},"meta":{"lastBranch":0,"lastFunction":0,"lastStatement":2,"seen":{"s:16:23:16:Infinity":0,"s:18:45:202:Infinity":1}}}
,"C:\\Users\\Benjamin\\Desktop\\fullstack2\\Prueba2-Real-main\\src\\data\\simulatedApi.ts": {"path":"C:\\Users\\Benjamin\\Desktop\\fullstack2\\Prueba2-Real-main\\src\\data\\simulatedApi.ts","statementMap":{"0":{"start":{"line":9,"column":14},"end":{"line":17,"column":null}},"1":{"start":{"line":21,"column":28},"end":{"line":35,"column":null}},"2":{"start":{"line":22,"column":2},"end":{"line":34,"column":null}},"3":{"start":{"line":23,"column":4},"end":{"line":33,"column":null}},"4":{"start":{"line":24,"column":25},"end":{"line":24,"column":null}},"5":{"start":{"line":24,"column":41},"end":{"line":24,"column":58}},"6":{"start":{"line":25,"column":6},"end":{"line":32,"column":null}},"7":{"start":{"line":26,"column":8},"end":{"line":26,"column":null}},"8":{"start":{"line":28,"column":24},"end":{"line":28,"column":null}},"9":{"start":{"line":29,"column":8},"end":{"line":29,"column":null}},"10":{"start":{"line":30,"column":8},"end":{"line":30,"column":null}},"11":{"start":{"line":31,"column":8},"end":{"line":31,"column":null}},"12":{"start":{"line":37,"column":25},"end":{"line":51,"column":null}},"13":{"start":{"line":38,"column":2},"end":{"line":50,"column":null}},"14":{"start":{"line":39,"column":4},"end":{"line":49,"column":null}},"15":{"start":{"line":40,"column":19},"end":{"line":40,"column":null}},"16":{"start":{"line":40,"column":35},"end":{"line":40,"column":52}},"17":{"start":{"line":41,"column":6},"end":{"line":48,"column":null}},"18":{"start":{"line":43,"column":42},"end":{"line":43,"column":null}},"19":{"start":{"line":44,"column":8},"end":{"line":44,"column":null}},"20":{"start":{"line":47,"column":8},"end":{"line":47,"column":null}},"21":{"start":{"line":57,"column":27},"end":{"line":64,"column":null}},"22":{"start":{"line":58,"column":2},"end":{"line":63,"column":null}},"23":{"start":{"line":60,"column":4},"end":{"line":62,"column":null}},"24":{"start":{"line":61,"column":6},"end":{"line":61,"column":null}},"25":{"start":{"line":68,"column":30},"end":{"line":79,"column":null}},"26":{"start":{"line":69,"column":2},"end":{"line":78,"column":null}},"27":{"start":{"line":70,"column":4},"end":{"line":77,"column":null}},"28":{"start":{"line":71,"column":22},"end":{"line":71,"column":null}},"29":{"start":{"line":71,"column":50},"end":{"line":71,"column":61}},"30":{"start":{"line":72,"column":6},"end":{"line":76,"column":null}},"31":{"start":{"line":73,"column":8},"end":{"line":73,"column":null}},"32":{"start":{"line":75,"column":8},"end":{"line":75,"column":null}}},"fnMap":{"0":{"name":"(anonymous_0)","decl":{"start":{"line":21,"column":28},"end":{"line":21,"column":29}},"loc":{"start":{"line":21,"column":100},"end":{"line":35,"column":null}},"line":21},"1":{"name":"(anonymous_1)","decl":{"start":{"line":22,"column":21},"end":{"line":22,"column":22}},"loc":{"start":{"line":22,"column":42},"end":{"line":34,"column":3}},"line":22},"2":{"name":"(anonymous_2)","decl":{"start":{"line":23,"column":15},"end":{"line":23,"column":21}},"loc":{"start":{"line":23,"column":21},"end":{"line":33,"column":7}},"line":23},"3":{"name":"(anonymous_3)","decl":{"start":{"line":24,"column":36},"end":{"line":24,"column":41}},"loc":{"start":{"line":24,"column":41},"end":{"line":24,"column":58}},"line":24},"4":{"name":"(anonymous_4)","decl":{"start":{"line":37,"column":25},"end":{"line":37,"column":26}},"loc":{"start":{"line":37,"column":62},"end":{"line":51,"column":null}},"line":37},"5":{"name":"(anonymous_5)","decl":{"start":{"line":38,"column":21},"end":{"line":38,"column":22}},"loc":{"start":{"line":38,"column":42},"end":{"line":50,"column":3}},"line":38},"6":{"name":"(anonymous_6)","decl":{"start":{"line":39,"column":15},"end":{"line":39,"column":21}},"loc":{"start":{"line":39,"column":21},"end":{"line":49,"column":7}},"line":39},"7":{"name":"(anonymous_7)","decl":{"start":{"line":40,"column":30},"end":{"line":40,"column":35}},"loc":{"start":{"line":40,"column":35},"end":{"line":40,"column":52}},"line":40},"8":{"name":"(anonymous_8)","decl":{"start":{"line":57,"column":27},"end":{"line":57,"column":33}},"loc":{"start":{"line":57,"column":33},"end":{"line":64,"column":null}},"line":57},"9":{"name":"(anonymous_9)","decl":{"start":{"line":58,"column":33},"end":{"line":58,"column":34}},"loc":{"start":{"line":58,"column":46},"end":{"line":63,"column":3}},"line":58},"10":{"name":"(anonymous_10)","decl":{"start":{"line":60,"column":15},"end":{"line":60,"column":21}},"loc":{"start":{"line":60,"column":21},"end":{"line":62,"column":7}},"line":60},"11":{"name":"(anonymous_11)","decl":{"start":{"line":68,"column":30},"end":{"line":68,"column":31}},"loc":{"start":{"line":68,"column":46},"end":{"line":79,"column":null}},"line":68},"12":{"name":"(anonymous_12)","decl":{"start":{"line":69,"column":31},"end":{"line":69,"column":32}},"loc":{"start":{"line":69,"column":52},"end":{"line":78,"column":3}},"line":69},"13":{"name":"(anonymous_13)","decl":{"start":{"line":70,"column":15},"end":{"line":70,"column":21}},"loc":{"start":{"line":70,"column":21},"end":{"line":77,"column":7}},"line":70},"14":{"name":"(anonymous_14)","decl":{"start":{"line":71,"column":45},"end":{"line":71,"column":50}},"loc":{"start":{"line":71,"column":50},"end":{"line":71,"column":61}},"line":71}},"branchMap":{"0":{"loc":{"start":{"line":25,"column":6},"end":{"line":32,"column":null}},"type":"if","locations":[{"start":{"line":25,"column":6},"end":{"line":32,"column":null}},{"start":{"line":27,"column":13},"end":{"line":32,"column":null}}],"line":25},"1":{"loc":{"start":{"line":41,"column":6},"end":{"line":48,"column":null}},"type":"if","locations":[{"start":{"line":41,"column":6},"end":{"line":48,"column":null}},{"start":{"line":45,"column":13},"end":{"line":48,"column":null}}],"line":41},"2":{"loc":{"start":{"line":41,"column":10},"end":{"line":41,"column":46}},"type":"binary-expr","locations":[{"start":{"line":41,"column":10},"end":{"line":41,"column":18}},{"start":{"line":41,"column":18},"end":{"line":41,"column":46}}],"line":41},"3":{"loc":{"start":{"line":72,"column":6},"end":{"line":76,"column":null}},"type":"if","locations":[{"start":{"line":72,"column":6},"end":{"line":76,"column":null}},{"start":{"line":74,"column":13},"end":{"line":76,"column":null}}],"line":72}},"s":{"0":0,"1":0,"2":0,"3":0,"4":0,"5":0,"6":0,"7":0,"8":0,"9":0,"10":0,"11":0,"12":0,"13":0,"14":0,"15":0,"16":0,"17":0,"18":0,"19":0,"20":0,"21":0,"22":0,"23":0,"24":0,"25":0,"26":0,"27":0,"28":0,"29":0,"30":0,"31":0,"32":0},"f":{"0":0,"1":0,"2":0,"3":0,"4":0,"5":0,"6":0,"7":0,"8":0,"9":0,"10":0,"11":0,"12":0,"13":0,"14":0},"b":{"0":[0,0],"1":[0,0],"2":[0,0],"3":[0,0]},"meta":{"lastBranch":4,"lastFunction":15,"lastStatement":33,"seen":{"s:9:14:17:Infinity":0,"s:21:28:35:Infinity":1,"f:21:28:21:29":0,"s:22:2:34:Infinity":2,"f:22:21:22:22":1,"s:23:4:33:Infinity":3,"f:23:15:23:21":2,"s:24:25:24:Infinity":4,"f:24:36:24:41":3,"s:24:41:24:58":5,"b:25:6:32:Infinity:27:13:32:Infinity":0,"s:25:6:32:Infinity":6,"s:26:8:26:Infinity":7,"s:28:24:28:Infinity":8,"s:29:8:29:Infinity":9,"s:30:8:30:Infinity":10,"s:31:8:31:Infinity":11,"s:37:25:51:Infinity":12,"f:37:25:37:26":4,"s:38:2:50:Infinity":13,"f:38:21:38:22":5,"s:39:4:49:Infinity":14,"f:39:15:39:21":6,"s:40:19:40:Infinity":15,"f:40:30:40:35":7,"s:40:35:40:52":16,"b:41:6:48:Infinity:45:13:48:Infinity":1,"s:41:6:48:Infinity":17,"b:41:10:41:18:41:18:41:46":2,"s:43:42:43:Infinity":18,"s:44:8:44:Infinity":19,"s:47:8:47:Infinity":20,"s:57:27:64:Infinity":21,"f:57:27:57:33":8,"s:58:2:63:Infinity":22,"f:58:33:58:34":9,"s:60:4:62:Infinity":23,"f:60:15:60:21":10,"s:61:6:61:Infinity":24,"s:68:30:79:Infinity":25,"f:68:30:68:31":11,"s:69:2:78:Infinity":26,"f:69:31:69:32":12,"s:70:4:77:Infinity":27,"f:70:15:70:21":13,"s:71:22:71:Infinity":28,"f:71:45:71:50":14,"s:71:50:71:61":29,"b:72:6:76:Infinity:74:13:76:Infinity":3,"s:72:6:76:Infinity":30,"s:73:8:73:Infinity":31,"s:75:8:75:Infinity":32}}}
,"C:\\Users\\Benjamin\\Desktop\\fullstack2\\Prueba2-Real-main\\src\\pages\\Carrito.tsx": {"path":"C:\\Users\\Benjamin\\Desktop\\fullstack2\\Prueba2-Real-main\\src\\pages\\Carrito.tsx","statementMap":{"0":{"start":{"line":16,"column":2},"end":{"line":16,"column":null}},"1":{"start":{"line":18,"column":21},"end":{"line":18,"column":null}},"2":{"start":{"line":21,"column":22},"end":{"line":26,"column":null}},"3":{"start":{"line":22,"column":4},"end":{"line":25,"column":null}},"4":{"start":{"line":29,"column":2},"end":{"line":39,"column":null}},"5":{"start":{"line":30,"column":4},"end":{"line":37,"column":null}},"6":{"start":{"line":42,"column":2},"end":{"line":110,"column":null}},"7":{"start":{"line":51,"column":12},"end":{"line":89,"column":null}},"8":{"start":{"line":72,"column":39},"end":{"line":72,"column":63}},"9":{"start":{"line":74,"column":39},"end":{"line":74,"column":63}},"10":{"start":{"line":84,"column":31},"end":{"line":84,"column":null}}},"fnMap":{"0":{"name":"Carrito","decl":{"start":{"line":7,"column":16},"end":{"line":7,"column":26}},"loc":{"start":{"line":7,"column":26},"end":{"line":112,"column":null}},"line":7},"1":{"name":"(anonymous_1)","decl":{"start":{"line":21,"column":22},"end":{"line":21,"column":23}},"loc":{"start":{"line":21,"column":41},"end":{"line":26,"column":null}},"line":21},"2":{"name":"(anonymous_2)","decl":{"start":{"line":50,"column":25},"end":{"line":50,"column":null}},"loc":{"start":{"line":51,"column":12},"end":{"line":89,"column":null}},"line":51},"3":{"name":"(anonymous_3)","decl":{"start":{"line":72,"column":33},"end":{"line":72,"column":39}},"loc":{"start":{"line":72,"column":39},"end":{"line":72,"column":63}},"line":72},"4":{"name":"(anonymous_4)","decl":{"start":{"line":74,"column":33},"end":{"line":74,"column":39}},"loc":{"start":{"line":74,"column":39},"end":{"line":74,"column":63}},"line":74},"5":{"name":"(anonymous_5)","decl":{"start":{"line":84,"column":25},"end":{"line":84,"column":31}},"loc":{"start":{"line":84,"column":31},"end":{"line":84,"column":null}},"line":84}},"branchMap":{"0":{"loc":{"start":{"line":29,"column":2},"end":{"line":39,"column":null}},"type":"if","locations":[{"start":{"line":29,"column":2},"end":{"line":39,"column":null}},{"start":{},"end":{}}],"line":29}},"s":{"0":0,"1":0,"2":0,"3":0,"4":0,"5":0,"6":0,"7":0,"8":0,"9":0,"10":0},"f":{"0":0,"1":0,"2":0,"3":0,"4":0,"5":0},"b":{"0":[0,0]},"meta":{"lastBranch":1,"lastFunction":6,"lastStatement":11,"seen":{"f:7:16:7:26":0,"s:16:2:16:Infinity":0,"s:18:21:18:Infinity":1,"s:21:22:26:Infinity":2,"f:21:22:21:23":1,"s:22:4:25:Infinity":3,"b:29:2:39:Infinity:undefined:undefined:undefined:undefined":0,"s:29:2:39:Infinity":4,"s:30:4:37:Infinity":5,"s:42:2:110:Infinity":6,"f:50:25:50:Infinity":2,"s:51:12:89:Infinity":7,"f:72:33:72:39":3,"s:72:39:72:63":8,"f:74:33:74:39":4,"s:74:39:74:63":9,"f:84:25:84:31":5,"s:84:31:84:Infinity":10}}}
,"C:\\Users\\Benjamin\\Desktop\\fullstack2\\Prueba2-Real-main\\src\\pages\\Catalogo.tsx": {"path":"C:\\Users\\Benjamin\\Desktop\\fullstack2\\Prueba2-Real-main\\src\\pages\\Catalogo.tsx","statementMap":{"0":{"start":{"line":7,"column":20},"end":{"line":9,"column":null}},"1":{"start":{"line":8,"column":2},"end":{"line":8,"column":null}},"2":{"start":{"line":12,"column":2},"end":{"line":41,"column":null}},"3":{"start":{"line":21,"column":12},"end":{"line":36,"column":null}}},"fnMap":{"0":{"name":"(anonymous_0)","decl":{"start":{"line":7,"column":20},"end":{"line":7,"column":21}},"loc":{"start":{"line":7,"column":39},"end":{"line":9,"column":null}},"line":7},"1":{"name":"Catalogo","decl":{"start":{"line":11,"column":16},"end":{"line":11,"column":27}},"loc":{"start":{"line":11,"column":27},"end":{"line":43,"column":null}},"line":11},"2":{"name":"(anonymous_2)","decl":{"start":{"line":20,"column":33},"end":{"line":20,"column":34}},"loc":{"start":{"line":21,"column":12},"end":{"line":36,"column":null}},"line":21}},"branchMap":{},"s":{"0":0,"1":0,"2":0,"3":0},"f":{"0":0,"1":0,"2":0},"b":{},"meta":{"lastBranch":0,"lastFunction":3,"lastStatement":4,"seen":{"s:7:20:9:Infinity":0,"f:7:20:7:21":0,"s:8:2:8:Infinity":1,"f:11:16:11:27":1,"s:12:2:41:Infinity":2,"f:20:33:20:34":2,"s:21:12:36:Infinity":3}}}
,"C:\\Users\\Benjamin\\Desktop\\fullstack2\\Prueba2-Real-main\\src\\pages\\Checkout.tsx": {"path":"C:\\Users\\Benjamin\\Desktop\\fullstack2\\Prueba2-Real-main\\src\\pages\\Checkout.tsx","statementMap":{"0":{"start":{"line":18,"column":39},"end":{"line":18,"column":null}},"1":{"start":{"line":19,"column":8},"end":{"line":19,"column":null}},"2":{"start":{"line":22,"column":26},"end":{"line":22,"column":null}},"3":{"start":{"line":23,"column":28},"end":{"line":23,"column":null}},"4":{"start":{"line":24,"column":36},"end":{"line":24,"column":null}},"5":{"start":{"line":25,"column":20},"end":{"line":25,"column":null}},"6":{"start":{"line":28,"column":28},"end":{"line":28,"column":null}},"7":{"start":{"line":30,"column":21},"end":{"line":30,"column":null}},"8":{"start":{"line":33,"column":22},"end":{"line":38,"column":null}},"9":{"start":{"line":34,"column":4},"end":{"line":37,"column":null}},"10":{"start":{"line":41,"column":28},"end":{"line":67,"column":null}},"11":{"start":{"line":42,"column":38},"end":{"line":42,"column":null}},"12":{"start":{"line":43,"column":19},"end":{"line":43,"column":null}},"13":{"start":{"line":45,"column":4},"end":{"line":48,"column":null}},"14":{"start":{"line":46,"column":6},"end":{"line":46,"column":null}},"15":{"start":{"line":47,"column":6},"end":{"line":47,"column":null}},"16":{"start":{"line":50,"column":4},"end":{"line":53,"column":null}},"17":{"start":{"line":51,"column":6},"end":{"line":51,"column":null}},"18":{"start":{"line":52,"column":6},"end":{"line":52,"column":null}},"19":{"start":{"line":55,"column":4},"end":{"line":58,"column":null}},"20":{"start":{"line":56,"column":6},"end":{"line":56,"column":null}},"21":{"start":{"line":57,"column":6},"end":{"line":57,"column":null}},"22":{"start":{"line":60,"column":4},"end":{"line":63,"column":null}},"23":{"start":{"line":61,"column":6},"end":{"line":61,"column":null}},"24":{"start":{"line":62,"column":6},"end":{"line":62,"column":null}},"25":{"start":{"line":65,"column":4},"end":{"line":65,"column":null}},"26":{"start":{"line":66,"column":4},"end":{"line":66,"column":null}},"27":{"start":{"line":70,"column":23},"end":{"line":87,"column":null}},"28":{"start":{"line":71,"column":4},"end":{"line":71,"column":null}},"29":{"start":{"line":74,"column":4},"end":{"line":86,"column":null}},"30":{"start":{"line":76,"column":6},"end":{"line":76,"column":null}},"31":{"start":{"line":77,"column":6},"end":{"line":77,"column":null}},"32":{"start":{"line":83,"column":6},"end":{"line":83,"column":null}},"33":{"start":{"line":85,"column":6},"end":{"line":85,"column":null}},"34":{"start":{"line":90,"column":2},"end":{"line":93,"column":null}},"35":{"start":{"line":91,"column":4},"end":{"line":91,"column":null}},"36":{"start":{"line":92,"column":4},"end":{"line":92,"column":null}},"37":{"start":{"line":95,"column":2},"end":{"line":179,"column":null}},"38":{"start":{"line":118,"column":33},"end":{"line":118,"column":60}},"39":{"start":{"line":118,"column":60},"end":{"line":118,"column":112}},"40":{"start":{"line":118,"column":80},"end":{"line":118,"column":109}},"41":{"start":{"line":134,"column":33},"end":{"line":134,"column":61}},"42":{"start":{"line":134,"column":61},"end":{"line":134,"column":114}},"43":{"start":{"line":134,"column":81},"end":{"line":134,"column":111}},"44":{"start":{"line":151,"column":35},"end":{"line":151,"column":67}},"45":{"start":{"line":151,"column":67},"end":{"line":151,"column":124}},"46":{"start":{"line":151,"column":87},"end":{"line":151,"column":121}},"47":{"start":{"line":165,"column":35},"end":{"line":165,"column":59}},"48":{"start":{"line":165,"column":59},"end":{"line":165,"column":108}},"49":{"start":{"line":165,"column":79},"end":{"line":165,"column":105}}},"fnMap":{"0":{"name":"Checkout","decl":{"start":{"line":17,"column":16},"end":{"line":17,"column":27}},"loc":{"start":{"line":17,"column":27},"end":{"line":181,"column":null}},"line":17},"1":{"name":"(anonymous_1)","decl":{"start":{"line":33,"column":22},"end":{"line":33,"column":23}},"loc":{"start":{"line":33,"column":41},"end":{"line":38,"column":null}},"line":33},"2":{"name":"(anonymous_2)","decl":{"start":{"line":41,"column":28},"end":{"line":41,"column":43}},"loc":{"start":{"line":41,"column":43},"end":{"line":67,"column":null}},"line":41},"3":{"name":"(anonymous_3)","decl":{"start":{"line":70,"column":23},"end":{"line":70,"column":24}},"loc":{"start":{"line":70,"column":47},"end":{"line":87,"column":null}},"line":70},"4":{"name":"(anonymous_4)","decl":{"start":{"line":118,"column":24},"end":{"line":118,"column":25}},"loc":{"start":{"line":118,"column":31},"end":{"line":118,"column":null}},"line":118},"5":{"name":"(anonymous_5)","decl":{"start":{"line":118,"column":71},"end":{"line":118,"column":80}},"loc":{"start":{"line":118,"column":80},"end":{"line":118,"column":109}},"line":118},"6":{"name":"(anonymous_6)","decl":{"start":{"line":134,"column":24},"end":{"line":134,"column":25}},"loc":{"start":{"line":134,"column":31},"end":{"line":134,"column":null}},"line":134},"7":{"name":"(anonymous_7)","decl":{"start":{"line":134,"column":72},"end":{"line":134,"column":81}},"loc":{"start":{"line":134,"column":81},"end":{"line":134,"column":111}},"line":134},"8":{"name":"(anonymous_8)","decl":{"start":{"line":151,"column":26},"end":{"line":151,"column":27}},"loc":{"start":{"line":151,"column":33},"end":{"line":151,"column":null}},"line":151},"9":{"name":"(anonymous_9)","decl":{"start":{"line":151,"column":78},"end":{"line":151,"column":87}},"loc":{"start":{"line":151,"column":87},"end":{"line":151,"column":121}},"line":151},"10":{"name":"(anonymous_10)","decl":{"start":{"line":165,"column":26},"end":{"line":165,"column":27}},"loc":{"start":{"line":165,"column":33},"end":{"line":165,"column":null}},"line":165},"11":{"name":"(anonymous_11)","decl":{"start":{"line":165,"column":70},"end":{"line":165,"column":79}},"loc":{"start":{"line":165,"column":79},"end":{"line":165,"column":105}},"line":165}},"branchMap":{"0":{"loc":{"start":{"line":45,"column":4},"end":{"line":48,"column":null}},"type":"if","locations":[{"start":{"line":45,"column":4},"end":{"line":48,"column":null}},{"start":{},"end":{}}],"line":45},"1":{"loc":{"start":{"line":50,"column":4},"end":{"line":53,"column":null}},"type":"if","locations":[{"start":{"line":50,"column":4},"end":{"line":53,"column":null}},{"start":{},"end":{}}],"line":50},"2":{"loc":{"start":{"line":55,"column":4},"end":{"line":58,"column":null}},"type":"if","locations":[{"start":{"line":55,"column":4},"end":{"line":58,"column":null}},{"start":{},"end":{}}],"line":55},"3":{"loc":{"start":{"line":60,"column":4},"end":{"line":63,"column":null}},"type":"if","locations":[{"start":{"line":60,"column":4},"end":{"line":63,"column":null}},{"start":{},"end":{}}],"line":60},"4":{"loc":{"start":{"line":74,"column":4},"end":{"line":86,"column":null}},"type":"if","locations":[{"start":{"line":74,"column":4},"end":{"line":86,"column":null}},{"start":{"line":84,"column":11},"end":{"line":86,"column":null}}],"line":74},"5":{"loc":{"start":{"line":90,"column":2},"end":{"line":93,"column":null}},"type":"if","locations":[{"start":{"line":90,"column":2},"end":{"line":93,"column":null}},{"start":{},"end":{}}],"line":90},"6":{"loc":{"start":{"line":90,"column":6},"end":{"line":90,"column":73}},"type":"binary-expr","locations":[{"start":{"line":90,"column":6},"end":{"line":90,"column":32}},{"start":{"line":90,"column":32},"end":{"line":90,"column":73}}],"line":90},"7":{"loc":{"start":{"line":116,"column":25},"end":{"line":116,"column":null}},"type":"cond-expr","locations":[{"start":{"line":116,"column":42},"end":{"line":116,"column":57}},{"start":{"line":116,"column":57},"end":{"line":116,"column":null}}],"line":116},"8":{"loc":{"start":{"line":123,"column":13},"end":{"line":123,"column":null}},"type":"binary-expr","locations":[{"start":{"line":123,"column":13},"end":{"line":123,"column":31}},{"start":{"line":123,"column":31},"end":{"line":123,"column":null}}],"line":123},"9":{"loc":{"start":{"line":132,"column":25},"end":{"line":132,"column":null}},"type":"cond-expr","locations":[{"start":{"line":132,"column":43},"end":{"line":132,"column":58}},{"start":{"line":132,"column":58},"end":{"line":132,"column":null}}],"line":132},"10":{"loc":{"start":{"line":139,"column":13},"end":{"line":139,"column":null}},"type":"binary-expr","locations":[{"start":{"line":139,"column":13},"end":{"line":139,"column":32}},{"start":{"line":139,"column":32},"end":{"line":139,"column":null}}],"line":139},"11":{"loc":{"start":{"line":149,"column":27},"end":{"line":149,"column":null}},"type":"cond-expr","locations":[{"start":{"line":149,"column":49},"end":{"line":149,"column":64}},{"start":{"line":149,"column":64},"end":{"line":149,"column":null}}],"line":149},"12":{"loc":{"start":{"line":156,"column":15},"end":{"line":156,"column":null}},"type":"binary-expr","locations":[{"start":{"line":156,"column":15},"end":{"line":156,"column":38}},{"start":{"line":156,"column":38},"end":{"line":156,"column":null}}],"line":156},"13":{"loc":{"start":{"line":163,"column":27},"end":{"line":163,"column":null}},"type":"cond-expr","locations":[{"start":{"line":163,"column":41},"end":{"line":163,"column":56}},{"start":{"line":163,"column":56},"end":{"line":163,"column":null}}],"line":163},"14":{"loc":{"start":{"line":170,"column":15},"end":{"line":170,"column":null}},"type":"binary-expr","locations":[{"start":{"line":170,"column":15},"end":{"line":170,"column":30}},{"start":{"line":170,"column":30},"end":{"line":170,"column":null}}],"line":170}},"s":{"0":0,"1":0,"2":0,"3":0,"4":0,"5":0,"6":0,"7":0,"8":0,"9":0,"10":0,"11":0,"12":0,"13":0,"14":0,"15":0,"16":0,"17":0,"18":0,"19":0,"20":0,"21":0,"22":0,"23":0,"24":0,"25":0,"26":0,"27":0,"28":0,"29":0,"30":0,"31":0,"32":0,"33":0,"34":0,"35":0,"36":0,"37":0,"38":0,"39":0,"40":0,"41":0,"42":0,"43":0,"44":0,"45":0,"46":0,"47":0,"48":0,"49":0},"f":{"0":0,"1":0,"2":0,"3":0,"4":0,"5":0,"6":0,"7":0,"8":0,"9":0,"10":0,"11":0},"b":{"0":[0,0],"1":[0,0],"2":[0,0],"3":[0,0],"4":[0,0],"5":[0,0],"6":[0,0],"7":[0,0],"8":[0,0],"9":[0,0],"10":[0,0],"11":[0,0],"12":[0,0],"13":[0,0],"14":[0,0]},"meta":{"lastBranch":15,"lastFunction":12,"lastStatement":50,"seen":{"f:17:16:17:27":0,"s:18:39:18:Infinity":0,"s:19:8:19:Infinity":1,"s:22:26:22:Infinity":2,"s:23:28:23:Infinity":3,"s:24:36:24:Infinity":4,"s:25:20:25:Infinity":5,"s:28:28:28:Infinity":6,"s:30:21:30:Infinity":7,"s:33:22:38:Infinity":8,"f:33:22:33:23":1,"s:34:4:37:Infinity":9,"s:41:28:67:Infinity":10,"f:41:28:41:43":2,"s:42:38:42:Infinity":11,"s:43:19:43:Infinity":12,"b:45:4:48:Infinity:undefined:undefined:undefined:undefined":0,"s:45:4:48:Infinity":13,"s:46:6:46:Infinity":14,"s:47:6:47:Infinity":15,"b:50:4:53:Infinity:undefined:undefined:undefined:undefined":1,"s:50:4:53:Infinity":16,"s:51:6:51:Infinity":17,"s:52:6:52:Infinity":18,"b:55:4:58:Infinity:undefined:undefined:undefined:undefined":2,"s:55:4:58:Infinity":19,"s:56:6:56:Infinity":20,"s:57:6:57:Infinity":21,"b:60:4:63:Infinity:undefined:undefined:undefined:undefined":3,"s:60:4:63:Infinity":22,"s:61:6:61:Infinity":23,"s:62:6:62:Infinity":24,"s:65:4:65:Infinity":25,"s:66:4:66:Infinity":26,"s:70:23:87:Infinity":27,"f:70:23:70:24":3,"s:71:4:71:Infinity":28,"b:74:4:86:Infinity:84:11:86:Infinity":4,"s:74:4:86:Infinity":29,"s:76:6:76:Infinity":30,"s:77:6:77:Infinity":31,"s:83:6:83:Infinity":32,"s:85:6:85:Infinity":33,"b:90:2:93:Infinity:undefined:undefined:undefined:undefined":5,"s:90:2:93:Infinity":34,"b:90:6:90:32:90:32:90:73":6,"s:91:4:91:Infinity":35,"s:92:4:92:Infinity":36,"s:95:2:179:Infinity":37,"b:116:42:116:57:116:57:116:Infinity":7,"f:118:24:118:25":4,"s:118:33:118:60":38,"s:118:60:118:112":39,"f:118:71:118:80":5,"s:118:80:118:109":40,"b:123:13:123:31:123:31:123:Infinity":8,"b:132:43:132:58:132:58:132:Infinity":9,"f:134:24:134:25":6,"s:134:33:134:61":41,"s:134:61:134:114":42,"f:134:72:134:81":7,"s:134:81:134:111":43,"b:139:13:139:32:139:32:139:Infinity":10,"b:149:49:149:64:149:64:149:Infinity":11,"f:151:26:151:27":8,"s:151:35:151:67":44,"s:151:67:151:124":45,"f:151:78:151:87":9,"s:151:87:151:121":46,"b:156:15:156:38:156:38:156:Infinity":12,"b:163:41:163:56:163:56:163:Infinity":13,"f:165:26:165:27":10,"s:165:35:165:59":47,"s:165:59:165:108":48,"f:165:70:165:79":11,"s:165:79:165:105":49,"b:170:15:170:30:170:30:170:Infinity":14}}}
,"C:\\Users\\Benjamin\\Desktop\\fullstack2\\Prueba2-Real-main\\src\\pages\\Contactanos.tsx": {"path":"C:\\Users\\Benjamin\\Desktop\\fullstack2\\Prueba2-Real-main\\src\\pages\\Contactanos.tsx","statementMap":{"0":{"start":{"line":10,"column":26},"end":{"line":10,"column":null}},"1":{"start":{"line":11,"column":24},"end":{"line":11,"column":null}},"2":{"start":{"line":12,"column":28},"end":{"line":12,"column":null}},"3":{"start":{"line":15,"column":28},"end":{"line":19,"column":null}},"4":{"start":{"line":22,"column":28},"end":{"line":53,"column":null}},"5":{"start":{"line":23,"column":26},"end":{"line":23,"column":null}},"6":{"start":{"line":24,"column":19},"end":{"line":24,"column":null}},"7":{"start":{"line":27,"column":4},"end":{"line":30,"column":null}},"8":{"start":{"line":28,"column":6},"end":{"line":28,"column":null}},"9":{"start":{"line":29,"column":6},"end":{"line":29,"column":null}},"10":{"start":{"line":33,"column":23},"end":{"line":33,"column":null}},"11":{"start":{"line":34,"column":4},"end":{"line":40,"column":null}},"12":{"start":{"line":35,"column":6},"end":{"line":35,"column":null}},"13":{"start":{"line":36,"column":6},"end":{"line":36,"column":null}},"14":{"start":{"line":37,"column":4},"end":{"line":40,"column":null}},"15":{"start":{"line":38,"column":6},"end":{"line":38,"column":null}},"16":{"start":{"line":39,"column":6},"end":{"line":39,"column":null}},"17":{"start":{"line":43,"column":4},"end":{"line":49,"column":null}},"18":{"start":{"line":44,"column":6},"end":{"line":44,"column":null}},"19":{"start":{"line":45,"column":6},"end":{"line":45,"column":null}},"20":{"start":{"line":46,"column":4},"end":{"line":49,"column":null}},"21":{"start":{"line":47,"column":6},"end":{"line":47,"column":null}},"22":{"start":{"line":48,"column":6},"end":{"line":48,"column":null}},"23":{"start":{"line":51,"column":4},"end":{"line":51,"column":null}},"24":{"start":{"line":52,"column":4},"end":{"line":52,"column":null}},"25":{"start":{"line":56,"column":23},"end":{"line":69,"column":null}},"26":{"start":{"line":57,"column":4},"end":{"line":57,"column":null}},"27":{"start":{"line":60,"column":4},"end":{"line":68,"column":null}},"28":{"start":{"line":61,"column":6},"end":{"line":61,"column":null}},"29":{"start":{"line":64,"column":6},"end":{"line":64,"column":null}},"30":{"start":{"line":65,"column":6},"end":{"line":65,"column":null}},"31":{"start":{"line":66,"column":6},"end":{"line":66,"column":null}},"32":{"start":{"line":67,"column":6},"end":{"line":67,"column":null}},"33":{"start":{"line":71,"column":2},"end":{"line":149,"column":null}},"34":{"start":{"line":96,"column":29},"end":{"line":96,"column":null}},"35":{"start":{"line":115,"column":29},"end":{"line":115,"column":null}},"36":{"start":{"line":132,"column":29},"end":{"line":132,"column":null}}},"fnMap":{"0":{"name":"Contactanos","decl":{"start":{"line":8,"column":16},"end":{"line":8,"column":30}},"loc":{"start":{"line":8,"column":30},"end":{"line":151,"column":null}},"line":8},"1":{"name":"(anonymous_1)","decl":{"start":{"line":22,"column":28},"end":{"line":22,"column":34}},"loc":{"start":{"line":22,"column":34},"end":{"line":53,"column":null}},"line":22},"2":{"name":"(anonymous_2)","decl":{"start":{"line":56,"column":23},"end":{"line":56,"column":24}},"loc":{"start":{"line":56,"column":47},"end":{"line":69,"column":null}},"line":56},"3":{"name":"(anonymous_3)","decl":{"start":{"line":96,"column":22},"end":{"line":96,"column":23}},"loc":{"start":{"line":96,"column":29},"end":{"line":96,"column":null}},"line":96},"4":{"name":"(anonymous_4)","decl":{"start":{"line":115,"column":22},"end":{"line":115,"column":23}},"loc":{"start":{"line":115,"column":29},"end":{"line":115,"column":null}},"line":115},"5":{"name":"(anonymous_5)","decl":{"start":{"line":132,"column":22},"end":{"line":132,"column":23}},"loc":{"start":{"line":132,"column":29},"end":{"line":132,"column":null}},"line":132}},"branchMap":{"0":{"loc":{"start":{"line":27,"column":4},"end":{"line":30,"column":null}},"type":"if","locations":[{"start":{"line":27,"column":4},"end":{"line":30,"column":null}},{"start":{},"end":{}}],"line":27},"1":{"loc":{"start":{"line":34,"column":4},"end":{"line":40,"column":null}},"type":"if","locations":[{"start":{"line":34,"column":4},"end":{"line":40,"column":null}},{"start":{"line":37,"column":4},"end":{"line":40,"column":null}}],"line":34},"2":{"loc":{"start":{"line":37,"column":4},"end":{"line":40,"column":null}},"type":"if","locations":[{"start":{"line":37,"column":4},"end":{"line":40,"column":null}},{"start":{},"end":{}}],"line":37},"3":{"loc":{"start":{"line":43,"column":4},"end":{"line":49,"column":null}},"type":"if","locations":[{"start":{"line":43,"column":4},"end":{"line":49,"column":null}},{"start":{"line":46,"column":4},"end":{"line":49,"column":null}}],"line":43},"4":{"loc":{"start":{"line":46,"column":4},"end":{"line":49,"column":null}},"type":"if","locations":[{"start":{"line":46,"column":4},"end":{"line":49,"column":null}},{"start":{},"end":{}}],"line":46},"5":{"loc":{"start":{"line":60,"column":4},"end":{"line":68,"column":null}},"type":"if","locations":[{"start":{"line":60,"column":4},"end":{"line":68,"column":null}},{"start":{},"end":{}}],"line":60},"6":{"loc":{"start":{"line":94,"column":39},"end":{"line":94,"column":73}},"type":"cond-expr","locations":[{"start":{"line":94,"column":56},"end":{"line":94,"column":71}},{"start":{"line":94,"column":71},"end":{"line":94,"column":73}}],"line":94},"7":{"loc":{"start":{"line":100,"column":11},"end":{"line":101,"column":null}},"type":"binary-expr","locations":[{"start":{"line":100,"column":11},"end":{"line":100,"column":null}},{"start":{"line":101,"column":12},"end":{"line":101,"column":null}}],"line":100},"8":{"loc":{"start":{"line":113,"column":39},"end":{"line":113,"column":72}},"type":"cond-expr","locations":[{"start":{"line":113,"column":55},"end":{"line":113,"column":70}},{"start":{"line":113,"column":70},"end":{"line":113,"column":72}}],"line":113},"9":{"loc":{"start":{"line":118,"column":11},"end":{"line":119,"column":null}},"type":"binary-expr","locations":[{"start":{"line":118,"column":11},"end":{"line":118,"column":null}},{"start":{"line":119,"column":12},"end":{"line":119,"column":null}}],"line":118},"10":{"loc":{"start":{"line":130,"column":39},"end":{"line":130,"column":74}},"type":"cond-expr","locations":[{"start":{"line":130,"column":57},"end":{"line":130,"column":72}},{"start":{"line":130,"column":72},"end":{"line":130,"column":74}}],"line":130},"11":{"loc":{"start":{"line":136,"column":11},"end":{"line":137,"column":null}},"type":"binary-expr","locations":[{"start":{"line":136,"column":11},"end":{"line":136,"column":null}},{"start":{"line":137,"column":12},"end":{"line":137,"column":null}}],"line":136}},"s":{"0":0,"1":0,"2":0,"3":0,"4":0,"5":0,"6":0,"7":0,"8":0,"9":0,"10":0,"11":0,"12":0,"13":0,"14":0,"15":0,"16":0,"17":0,"18":0,"19":0,"20":0,"21":0,"22":0,"23":0,"24":0,"25":0,"26":0,"27":0,"28":0,"29":0,"30":0,"31":0,"32":0,"33":0,"34":0,"35":0,"36":0},"f":{"0":0,"1":0,"2":0,"3":0,"4":0,"5":0},"b":{"0":[0,0],"1":[0,0],"2":[0,0],"3":[0,0],"4":[0,0],"5":[0,0],"6":[0,0],"7":[0,0],"8":[0,0],"9":[0,0],"10":[0,0],"11":[0,0]},"meta":{"lastBranch":12,"lastFunction":6,"lastStatement":37,"seen":{"f:8:16:8:30":0,"s:10:26:10:Infinity":0,"s:11:24:11:Infinity":1,"s:12:28:12:Infinity":2,"s:15:28:19:Infinity":3,"s:22:28:53:Infinity":4,"f:22:28:22:34":1,"s:23:26:23:Infinity":5,"s:24:19:24:Infinity":6,"b:27:4:30:Infinity:undefined:undefined:undefined:undefined":0,"s:27:4:30:Infinity":7,"s:28:6:28:Infinity":8,"s:29:6:29:Infinity":9,"s:33:23:33:Infinity":10,"b:34:4:40:Infinity:37:4:40:Infinity":1,"s:34:4:40:Infinity":11,"s:35:6:35:Infinity":12,"s:36:6:36:Infinity":13,"b:37:4:40:Infinity:undefined:undefined:undefined:undefined":2,"s:37:4:40:Infinity":14,"s:38:6:38:Infinity":15,"s:39:6:39:Infinity":16,"b:43:4:49:Infinity:46:4:49:Infinity":3,"s:43:4:49:Infinity":17,"s:44:6:44:Infinity":18,"s:45:6:45:Infinity":19,"b:46:4:49:Infinity:undefined:undefined:undefined:undefined":4,"s:46:4:49:Infinity":20,"s:47:6:47:Infinity":21,"s:48:6:48:Infinity":22,"s:51:4:51:Infinity":23,"s:52:4:52:Infinity":24,"s:56:23:69:Infinity":25,"f:56:23:56:24":2,"s:57:4:57:Infinity":26,"b:60:4:68:Infinity:undefined:undefined:undefined:undefined":5,"s:60:4:68:Infinity":27,"s:61:6:61:Infinity":28,"s:64:6:64:Infinity":29,"s:65:6:65:Infinity":30,"s:66:6:66:Infinity":31,"s:67:6:67:Infinity":32,"s:71:2:149:Infinity":33,"b:94:56:94:71:94:71:94:73":6,"f:96:22:96:23":3,"s:96:29:96:Infinity":34,"b:100:11:100:Infinity:101:12:101:Infinity":7,"b:113:55:113:70:113:70:113:72":8,"f:115:22:115:23":4,"s:115:29:115:Infinity":35,"b:118:11:118:Infinity:119:12:119:Infinity":9,"b:130:57:130:72:130:72:130:74":10,"f:132:22:132:23":5,"s:132:29:132:Infinity":36,"b:136:11:136:Infinity:137:12:137:Infinity":11}}}
,"C:\\Users\\Benjamin\\Desktop\\fullstack2\\Prueba2-Real-main\\src\\pages\\Inicio.tsx": {"path":"C:\\Users\\Benjamin\\Desktop\\fullstack2\\Prueba2-Real-main\\src\\pages\\Inicio.tsx","statementMap":{"0":{"start":{"line":9,"column":24},"end":{"line":9,"column":null}},"1":{"start":{"line":10,"column":30},"end":{"line":12,"column":null}},"2":{"start":{"line":11,"column":4},"end":{"line":11,"column":null}},"3":{"start":{"line":14,"column":2},"end":{"line":59,"column":null}},"4":{"start":{"line":46,"column":12},"end":{"line":55,"column":null}}},"fnMap":{"0":{"name":"Inicio","decl":{"start":{"line":5,"column":16},"end":{"line":5,"column":25}},"loc":{"start":{"line":5,"column":25},"end":{"line":61,"column":null}},"line":5},"1":{"name":"(anonymous_1)","decl":{"start":{"line":10,"column":55},"end":{"line":10,"column":null}},"loc":{"start":{"line":11,"column":4},"end":{"line":11,"column":null}},"line":11},"2":{"name":"(anonymous_2)","decl":{"start":{"line":45,"column":35},"end":{"line":45,"column":36}},"loc":{"start":{"line":46,"column":12},"end":{"line":55,"column":null}},"line":46}},"branchMap":{},"s":{"0":0,"1":0,"2":0,"3":0,"4":0},"f":{"0":0,"1":0,"2":0},"b":{},"meta":{"lastBranch":0,"lastFunction":3,"lastStatement":5,"seen":{"f:5:16:5:25":0,"s:9:24:9:Infinity":0,"s:10:30:12:Infinity":1,"f:10:55:10:Infinity":1,"s:11:4:11:Infinity":2,"s:14:2:59:Infinity":3,"f:45:35:45:36":2,"s:46:12:55:Infinity":4}}}
,"C:\\Users\\Benjamin\\Desktop\\fullstack2\\Prueba2-Real-main\\src\\pages\\InicioSesion.tsx": {"path":"C:\\Users\\Benjamin\\Desktop\\fullstack2\\Prueba2-Real-main\\src\\pages\\InicioSesion.tsx","statementMap":{"0":{"start":{"line":14,"column":16},"end":{"line":14,"column":null}},"1":{"start":{"line":15,"column":8},"end":{"line":15,"column":null}},"2":{"start":{"line":18,"column":24},"end":{"line":18,"column":null}},"3":{"start":{"line":19,"column":30},"end":{"line":19,"column":null}},"4":{"start":{"line":22,"column":24},"end":{"line":22,"column":null}},"5":{"start":{"line":23,"column":32},"end":{"line":23,"column":null}},"6":{"start":{"line":26,"column":23},"end":{"line":48,"column":null}},"7":{"start":{"line":27,"column":4},"end":{"line":27,"column":null}},"8":{"start":{"line":28,"column":4},"end":{"line":28,"column":null}},"9":{"start":{"line":29,"column":4},"end":{"line":29,"column":null}},"10":{"start":{"line":31,"column":4},"end":{"line":47,"column":null}},"11":{"start":{"line":33,"column":23},"end":{"line":33,"column":null}},"12":{"start":{"line":36,"column":6},"end":{"line":36,"column":null}},"13":{"start":{"line":39,"column":6},"end":{"line":39,"column":null}},"14":{"start":{"line":43,"column":6},"end":{"line":43,"column":null}},"15":{"start":{"line":46,"column":6},"end":{"line":46,"column":null}},"16":{"start":{"line":50,"column":2},"end":{"line":90,"column":null}},"17":{"start":{"line":63,"column":31},"end":{"line":63,"column":null}},"18":{"start":{"line":75,"column":31},"end":{"line":75,"column":null}}},"fnMap":{"0":{"name":"InicioSesion","decl":{"start":{"line":13,"column":16},"end":{"line":13,"column":31}},"loc":{"start":{"line":13,"column":31},"end":{"line":92,"column":null}},"line":13},"1":{"name":"(anonymous_1)","decl":{"start":{"line":26,"column":23},"end":{"line":26,"column":30}},"loc":{"start":{"line":26,"column":53},"end":{"line":48,"column":null}},"line":26},"2":{"name":"(anonymous_2)","decl":{"start":{"line":63,"column":24},"end":{"line":63,"column":25}},"loc":{"start":{"line":63,"column":31},"end":{"line":63,"column":null}},"line":63},"3":{"name":"(anonymous_3)","decl":{"start":{"line":75,"column":24},"end":{"line":75,"column":25}},"loc":{"start":{"line":75,"column":31},"end":{"line":75,"column":null}},"line":75}},"branchMap":{"0":{"loc":{"start":{"line":82,"column":11},"end":{"line":82,"column":null}},"type":"binary-expr","locations":[{"start":{"line":82,"column":11},"end":{"line":82,"column":20}},{"start":{"line":82,"column":20},"end":{"line":82,"column":null}}],"line":82},"1":{"loc":{"start":{"line":86,"column":13},"end":{"line":86,"column":null}},"type":"cond-expr","locations":[{"start":{"line":86,"column":25},"end":{"line":86,"column":44}},{"start":{"line":86,"column":44},"end":{"line":86,"column":null}}],"line":86}},"s":{"0":6,"1":6,"2":6,"3":6,"4":6,"5":6,"6":6,"7":1,"8":1,"9":1,"10":1,"11":1,"12":1,"13":1,"14":0,"15":1,"16":6,"17":1,"18":1},"f":{"0":6,"1":1,"2":1,"3":1},"b":{"0":[6,0],"1":[1,5]},"meta":{"lastBranch":2,"lastFunction":4,"lastStatement":19,"seen":{"f:13:16:13:31":0,"s:14:16:14:Infinity":0,"s:15:8:15:Infinity":1,"s:18:24:18:Infinity":2,"s:19:30:19:Infinity":3,"s:22:24:22:Infinity":4,"s:23:32:23:Infinity":5,"s:26:23:48:Infinity":6,"f:26:23:26:30":1,"s:27:4:27:Infinity":7,"s:28:4:28:Infinity":8,"s:29:4:29:Infinity":9,"s:31:4:47:Infinity":10,"s:33:23:33:Infinity":11,"s:36:6:36:Infinity":12,"s:39:6:39:Infinity":13,"s:43:6:43:Infinity":14,"s:46:6:46:Infinity":15,"s:50:2:90:Infinity":16,"f:63:24:63:25":2,"s:63:31:63:Infinity":17,"f:75:24:75:25":3,"s:75:31:75:Infinity":18,"b:82:11:82:20:82:20:82:Infinity":0,"b:86:25:86:44:86:44:86:Infinity":1}}}
,"C:\\Users\\Benjamin\\Desktop\\fullstack2\\Prueba2-Real-main\\src\\pages\\Novedades.tsx": {"path":"C:\\Users\\Benjamin\\Desktop\\fullstack2\\Prueba2-Real-main\\src\\pages\\Novedades.tsx","statementMap":{"0":{"start":{"line":16,"column":32},"end":{"line":16,"column":null}},"1":{"start":{"line":17,"column":32},"end":{"line":17,"column":null}},"2":{"start":{"line":20,"column":2},"end":{"line":39,"column":null}},"3":{"start":{"line":21,"column":21},"end":{"line":36,"column":null}},"4":{"start":{"line":22,"column":6},"end":{"line":35,"column":null}},"5":{"start":{"line":23,"column":28},"end":{"line":23,"column":null}},"6":{"start":{"line":27,"column":31},"end":{"line":27,"column":null}},"7":{"start":{"line":29,"column":8},"end":{"line":29,"column":null}},"8":{"start":{"line":32,"column":8},"end":{"line":32,"column":null}},"9":{"start":{"line":34,"column":8},"end":{"line":34,"column":null}},"10":{"start":{"line":38,"column":4},"end":{"line":38,"column":null}},"11":{"start":{"line":42,"column":2},"end":{"line":44,"column":null}},"12":{"start":{"line":43,"column":4},"end":{"line":43,"column":null}},"13":{"start":{"line":46,"column":2},"end":{"line":65,"column":null}},"14":{"start":{"line":61,"column":12},"end":{"line":61,"column":null}}},"fnMap":{"0":{"name":"Novedades","decl":{"start":{"line":14,"column":16},"end":{"line":14,"column":28}},"loc":{"start":{"line":14,"column":28},"end":{"line":67,"column":null}},"line":14},"1":{"name":"(anonymous_1)","decl":{"start":{"line":20,"column":12},"end":{"line":20,"column":18}},"loc":{"start":{"line":20,"column":18},"end":{"line":39,"column":5}},"line":20},"2":{"name":"(anonymous_2)","decl":{"start":{"line":21,"column":21},"end":{"line":21,"column":33}},"loc":{"start":{"line":21,"column":33},"end":{"line":36,"column":null}},"line":21},"3":{"name":"(anonymous_3)","decl":{"start":{"line":59,"column":25},"end":{"line":59,"column":null}},"loc":{"start":{"line":61,"column":12},"end":{"line":61,"column":null}},"line":61}},"branchMap":{"0":{"loc":{"start":{"line":42,"column":2},"end":{"line":44,"column":null}},"type":"if","locations":[{"start":{"line":42,"column":2},"end":{"line":44,"column":null}},{"start":{},"end":{}}],"line":42}},"s":{"0":0,"1":0,"2":0,"3":0,"4":0,"5":0,"6":0,"7":0,"8":0,"9":0,"10":0,"11":0,"12":0,"13":0,"14":0},"f":{"0":0,"1":0,"2":0,"3":0},"b":{"0":[0,0]},"meta":{"lastBranch":1,"lastFunction":4,"lastStatement":15,"seen":{"f:14:16:14:28":0,"s:16:32:16:Infinity":0,"s:17:32:17:Infinity":1,"s:20:2:39:Infinity":2,"f:20:12:20:18":1,"s:21:21:36:Infinity":3,"f:21:21:21:33":2,"s:22:6:35:Infinity":4,"s:23:28:23:Infinity":5,"s:27:31:27:Infinity":6,"s:29:8:29:Infinity":7,"s:32:8:32:Infinity":8,"s:34:8:34:Infinity":9,"s:38:4:38:Infinity":10,"b:42:2:44:Infinity:undefined:undefined:undefined:undefined":0,"s:42:2:44:Infinity":11,"s:43:4:43:Infinity":12,"s:46:2:65:Infinity":13,"f:59:25:59:Infinity":3,"s:61:12:61:Infinity":14}}}
,"C:\\Users\\Benjamin\\Desktop\\fullstack2\\Prueba2-Real-main\\src\\pages\\Perfil.tsx": {"path":"C:\\Users\\Benjamin\\Desktop\\fullstack2\\Prueba2-Real-main\\src\\pages\\Perfil.tsx","statementMap":{"0":{"start":{"line":19,"column":23},"end":{"line":19,"column":null}},"1":{"start":{"line":23,"column":2},"end":{"line":26,"column":null}},"2":{"start":{"line":25,"column":4},"end":{"line":25,"column":null}},"3":{"start":{"line":29,"column":30},"end":{"line":33,"column":null}},"4":{"start":{"line":35,"column":32},"end":{"line":35,"column":null}},"5":{"start":{"line":38,"column":23},"end":{"line":44,"column":null}},"6":{"start":{"line":39,"column":28},"end":{"line":39,"column":null}},"7":{"start":{"line":40,"column":4},"end":{"line":43,"column":null}},"8":{"start":{"line":40,"column":29},"end":{"line":43,"column":6}},"9":{"start":{"line":47,"column":27},"end":{"line":52,"column":null}},"10":{"start":{"line":48,"column":4},"end":{"line":50,"column":null}},"11":{"start":{"line":49,"column":6},"end":{"line":49,"column":null}},"12":{"start":{"line":51,"column":4},"end":{"line":51,"column":null}},"13":{"start":{"line":55,"column":29},"end":{"line":59,"column":null}},"14":{"start":{"line":56,"column":4},"end":{"line":56,"column":null}},"15":{"start":{"line":61,"column":2},"end":{"line":109,"column":null}}},"fnMap":{"0":{"name":"Perfil","decl":{"start":{"line":16,"column":16},"end":{"line":16,"column":25}},"loc":{"start":{"line":16,"column":25},"end":{"line":111,"column":null}},"line":16},"1":{"name":"(anonymous_1)","decl":{"start":{"line":38,"column":23},"end":{"line":38,"column":24}},"loc":{"start":{"line":38,"column":67},"end":{"line":44,"column":null}},"line":38},"2":{"name":"(anonymous_2)","decl":{"start":{"line":40,"column":16},"end":{"line":40,"column":29}},"loc":{"start":{"line":40,"column":29},"end":{"line":43,"column":6}},"line":40},"3":{"name":"(anonymous_3)","decl":{"start":{"line":47,"column":27},"end":{"line":47,"column":33}},"loc":{"start":{"line":47,"column":33},"end":{"line":52,"column":null}},"line":47},"4":{"name":"(anonymous_4)","decl":{"start":{"line":55,"column":29},"end":{"line":55,"column":35}},"loc":{"start":{"line":55,"column":35},"end":{"line":59,"column":null}},"line":55}},"branchMap":{"0":{"loc":{"start":{"line":23,"column":2},"end":{"line":26,"column":null}},"type":"if","locations":[{"start":{"line":23,"column":2},"end":{"line":26,"column":null}},{"start":{},"end":{}}],"line":23},"1":{"loc":{"start":{"line":48,"column":4},"end":{"line":50,"column":null}},"type":"if","locations":[{"start":{"line":48,"column":4},"end":{"line":50,"column":null}},{"start":{},"end":{}}],"line":48},"2":{"loc":{"start":{"line":80,"column":13},"end":{"line":98,"column":null}},"type":"cond-expr","locations":[{"start":{"line":81,"column":14},"end":{"line":91,"column":null}},{"start":{"line":93,"column":14},"end":{"line":98,"column":null}}],"line":80}},"s":{"0":0,"1":0,"2":0,"3":0,"4":0,"5":0,"6":0,"7":0,"8":0,"9":0,"10":0,"11":0,"12":0,"13":0,"14":0,"15":0},"f":{"0":0,"1":0,"2":0,"3":0,"4":0},"b":{"0":[0,0],"1":[0,0],"2":[0,0]},"meta":{"lastBranch":3,"lastFunction":5,"lastStatement":16,"seen":{"f:16:16:16:25":0,"s:19:23:19:Infinity":0,"b:23:2:26:Infinity:undefined:undefined:undefined:undefined":0,"s:23:2:26:Infinity":1,"s:25:4:25:Infinity":2,"s:29:30:33:Infinity":3,"s:35:32:35:Infinity":4,"s:38:23:44:Infinity":5,"f:38:23:38:24":1,"s:39:28:39:Infinity":6,"s:40:4:43:Infinity":7,"f:40:16:40:29":2,"s:40:29:43:6":8,"s:47:27:52:Infinity":9,"f:47:27:47:33":3,"b:48:4:50:Infinity:undefined:undefined:undefined:undefined":1,"s:48:4:50:Infinity":10,"s:49:6:49:Infinity":11,"s:51:4:51:Infinity":12,"s:55:29:59:Infinity":13,"f:55:29:55:35":4,"s:56:4:56:Infinity":14,"s:61:2:109:Infinity":15,"b:81:14:91:Infinity:93:14:98:Infinity":2}}}
,"C:\\Users\\Benjamin\\Desktop\\fullstack2\\Prueba2-Real-main\\src\\pages\\ProductoDetalle.tsx": {"path":"C:\\Users\\Benjamin\\Desktop\\fullstack2\\Prueba2-Real-main\\src\\pages\\ProductoDetalle.tsx","statementMap":{"0":{"start":{"line":9,"column":13},"end":{"line":9,"column":null}},"1":{"start":{"line":10,"column":24},"end":{"line":10,"column":null}},"2":{"start":{"line":11,"column":18},"end":{"line":11,"column":null}},"3":{"start":{"line":11,"column":46},"end":{"line":11,"column":57}},"4":{"start":{"line":13,"column":38},"end":{"line":13,"column":null}},"5":{"start":{"line":16,"column":38},"end":{"line":16,"column":null}},"6":{"start":{"line":19,"column":26},"end":{"line":40,"column":null}},"7":{"start":{"line":20,"column":4},"end":{"line":20,"column":null}},"8":{"start":{"line":20,"column":18},"end":{"line":20,"column":null}},"9":{"start":{"line":22,"column":4},"end":{"line":30,"column":null}},"10":{"start":{"line":24,"column":6},"end":{"line":27,"column":null}},"11":{"start":{"line":28,"column":6},"end":{"line":28,"column":null}},"12":{"start":{"line":28,"column":23},"end":{"line":28,"column":63}},"13":{"start":{"line":29,"column":6},"end":{"line":29,"column":null}},"14":{"start":{"line":32,"column":4},"end":{"line":32,"column":null}},"15":{"start":{"line":35,"column":4},"end":{"line":38,"column":null}},"16":{"start":{"line":39,"column":4},"end":{"line":39,"column":null}},"17":{"start":{"line":39,"column":21},"end":{"line":39,"column":61}},"18":{"start":{"line":43,"column":27},"end":{"line":49,"column":null}},"19":{"start":{"line":44,"column":4},"end":{"line":44,"column":null}},"20":{"start":{"line":46,"column":4},"end":{"line":48,"column":null}},"21":{"start":{"line":47,"column":6},"end":{"line":47,"column":null}},"22":{"start":{"line":51,"column":2},"end":{"line":58,"column":null}},"23":{"start":{"line":52,"column":4},"end":{"line":56,"column":null}},"24":{"start":{"line":60,"column":28},"end":{"line":60,"column":null}},"25":{"start":{"line":62,"column":2},"end":{"line":122,"column":null}},"26":{"start":{"line":96,"column":16},"end":{"line":102,"column":null}},"27":{"start":{"line":99,"column":33},"end":{"line":99,"column":null}}},"fnMap":{"0":{"name":"ProductoDetalle","decl":{"start":{"line":7,"column":16},"end":{"line":7,"column":34}},"loc":{"start":{"line":7,"column":34},"end":{"line":124,"column":null}},"line":7},"1":{"name":"(anonymous_1)","decl":{"start":{"line":11,"column":41},"end":{"line":11,"column":46}},"loc":{"start":{"line":11,"column":46},"end":{"line":11,"column":57}},"line":11},"2":{"name":"(anonymous_2)","decl":{"start":{"line":19,"column":26},"end":{"line":19,"column":32}},"loc":{"start":{"line":19,"column":32},"end":{"line":40,"column":null}},"line":19},"3":{"name":"(anonymous_3)","decl":{"start":{"line":28,"column":17},"end":{"line":28,"column":23}},"loc":{"start":{"line":28,"column":23},"end":{"line":28,"column":63}},"line":28},"4":{"name":"(anonymous_4)","decl":{"start":{"line":39,"column":15},"end":{"line":39,"column":21}},"loc":{"start":{"line":39,"column":21},"end":{"line":39,"column":61}},"line":39},"5":{"name":"(anonymous_5)","decl":{"start":{"line":43,"column":27},"end":{"line":43,"column":28}},"loc":{"start":{"line":43,"column":46},"end":{"line":49,"column":null}},"line":43},"6":{"name":"(anonymous_6)","decl":{"start":{"line":95,"column":36},"end":{"line":95,"column":null}},"loc":{"start":{"line":96,"column":16},"end":{"line":102,"column":null}},"line":96},"7":{"name":"(anonymous_7)","decl":{"start":{"line":99,"column":27},"end":{"line":99,"column":33}},"loc":{"start":{"line":99,"column":33},"end":{"line":99,"column":null}},"line":99}},"branchMap":{"0":{"loc":{"start":{"line":20,"column":4},"end":{"line":20,"column":null}},"type":"if","locations":[{"start":{"line":20,"column":4},"end":{"line":20,"column":null}},{"start":{},"end":{}}],"line":20},"1":{"loc":{"start":{"line":22,"column":4},"end":{"line":30,"column":null}},"type":"if","locations":[{"start":{"line":22,"column":4},"end":{"line":30,"column":null}},{"start":{},"end":{}}],"line":22},"2":{"loc":{"start":{"line":46,"column":4},"end":{"line":48,"column":null}},"type":"if","locations":[{"start":{"line":46,"column":4},"end":{"line":48,"column":null}},{"start":{},"end":{}}],"line":46},"3":{"loc":{"start":{"line":51,"column":2},"end":{"line":58,"column":null}},"type":"if","locations":[{"start":{"line":51,"column":2},"end":{"line":58,"column":null}},{"start":{},"end":{}}],"line":51},"4":{"loc":{"start":{"line":60,"column":28},"end":{"line":60,"column":null}},"type":"binary-expr","locations":[{"start":{"line":60,"column":28},"end":{"line":60,"column":54}},{"start":{"line":60,"column":54},"end":{"line":60,"column":null}}],"line":60},"5":{"loc":{"start":{"line":85,"column":9},"end":{"line":88,"column":null}},"type":"binary-expr","locations":[{"start":{"line":85,"column":9},"end":{"line":85,"column":null}},{"start":{"line":86,"column":10},"end":{"line":88,"column":null}}],"line":85},"6":{"loc":{"start":{"line":94,"column":13},"end":{"line":105,"column":null}},"type":"cond-expr","locations":[{"start":{"line":95,"column":14},"end":{"line":103,"column":null}},{"start":{"line":105,"column":14},"end":{"line":105,"column":null}}],"line":94},"7":{"loc":{"start":{"line":98,"column":45},"end":{"line":98,"column":85}},"type":"cond-expr","locations":[{"start":{"line":98,"column":70},"end":{"line":98,"column":83}},{"start":{"line":98,"column":83},"end":{"line":98,"column":85}}],"line":98},"8":{"loc":{"start":{"line":111,"column":9},"end":{"line":114,"column":null}},"type":"binary-expr","locations":[{"start":{"line":111,"column":9},"end":{"line":111,"column":null}},{"start":{"line":112,"column":10},"end":{"line":114,"column":null}}],"line":111}},"s":{"0":0,"1":0,"2":0,"3":0,"4":0,"5":0,"6":0,"7":0,"8":0,"9":0,"10":0,"11":0,"12":0,"13":0,"14":0,"15":0,"16":0,"17":0,"18":0,"19":0,"20":0,"21":0,"22":0,"23":0,"24":0,"25":0,"26":0,"27":0},"f":{"0":0,"1":0,"2":0,"3":0,"4":0,"5":0,"6":0,"7":0},"b":{"0":[0,0],"1":[0,0],"2":[0,0],"3":[0,0],"4":[0,0],"5":[0,0],"6":[0,0],"7":[0,0],"8":[0,0]},"meta":{"lastBranch":9,"lastFunction":8,"lastStatement":28,"seen":{"f:7:16:7:34":0,"s:9:13:9:Infinity":0,"s:10:24:10:Infinity":1,"s:11:18:11:Infinity":2,"f:11:41:11:46":1,"s:11:46:11:57":3,"s:13:38:13:Infinity":4,"s:16:38:16:Infinity":5,"s:19:26:40:Infinity":6,"f:19:26:19:32":2,"b:20:4:20:Infinity:undefined:undefined:undefined:undefined":0,"s:20:4:20:Infinity":7,"s:20:18:20:Infinity":8,"b:22:4:30:Infinity:undefined:undefined:undefined:undefined":1,"s:22:4:30:Infinity":9,"s:24:6:27:Infinity":10,"s:28:6:28:Infinity":11,"f:28:17:28:23":3,"s:28:23:28:63":12,"s:29:6:29:Infinity":13,"s:32:4:32:Infinity":14,"s:35:4:38:Infinity":15,"s:39:4:39:Infinity":16,"f:39:15:39:21":4,"s:39:21:39:61":17,"s:43:27:49:Infinity":18,"f:43:27:43:28":5,"s:44:4:44:Infinity":19,"b:46:4:48:Infinity:undefined:undefined:undefined:undefined":2,"s:46:4:48:Infinity":20,"s:47:6:47:Infinity":21,"b:51:2:58:Infinity:undefined:undefined:undefined:undefined":3,"s:51:2:58:Infinity":22,"s:52:4:56:Infinity":23,"s:60:28:60:Infinity":24,"b:60:28:60:54:60:54:60:Infinity":4,"s:62:2:122:Infinity":25,"b:85:9:85:Infinity:86:10:88:Infinity":5,"b:95:14:103:Infinity:105:14:105:Infinity":6,"f:95:36:95:Infinity":6,"s:96:16:102:Infinity":26,"b:98:70:98:83:98:83:98:85":7,"f:99:27:99:33":7,"s:99:33:99:Infinity":27,"b:111:9:111:Infinity:112:10:114:Infinity":8}}}
,"C:\\Users\\Benjamin\\Desktop\\fullstack2\\Prueba2-Real-main\\src\\pages\\Registro.tsx": {"path":"C:\\Users\\Benjamin\\Desktop\\fullstack2\\Prueba2-Real-main\\src\\pages\\Registro.tsx","statementMap":{"0":{"start":{"line":13,"column":8},"end":{"line":13,"column":null}},"1":{"start":{"line":17,"column":26},"end":{"line":17,"column":null}},"2":{"start":{"line":18,"column":24},"end":{"line":18,"column":null}},"3":{"start":{"line":19,"column":30},"end":{"line":19,"column":null}},"4":{"start":{"line":20,"column":44},"end":{"line":20,"column":null}},"5":{"start":{"line":23,"column":28},"end":{"line":28,"column":null}},"6":{"start":{"line":31,"column":28},"end":{"line":60,"column":null}},"7":{"start":{"line":32,"column":42},"end":{"line":32,"column":null}},"8":{"start":{"line":33,"column":19},"end":{"line":33,"column":null}},"9":{"start":{"line":35,"column":4},"end":{"line":38,"column":null}},"10":{"start":{"line":36,"column":6},"end":{"line":36,"column":null}},"11":{"start":{"line":37,"column":6},"end":{"line":37,"column":null}},"12":{"start":{"line":39,"column":4},"end":{"line":45,"column":null}},"13":{"start":{"line":40,"column":6},"end":{"line":40,"column":null}},"14":{"start":{"line":41,"column":6},"end":{"line":41,"column":null}},"15":{"start":{"line":42,"column":4},"end":{"line":45,"column":null}},"16":{"start":{"line":43,"column":6},"end":{"line":43,"column":null}},"17":{"start":{"line":44,"column":6},"end":{"line":44,"column":null}},"18":{"start":{"line":46,"column":4},"end":{"line":52,"column":null}},"19":{"start":{"line":47,"column":6},"end":{"line":47,"column":null}},"20":{"start":{"line":48,"column":6},"end":{"line":48,"column":null}},"21":{"start":{"line":49,"column":4},"end":{"line":52,"column":null}},"22":{"start":{"line":50,"column":6},"end":{"line":50,"column":null}},"23":{"start":{"line":51,"column":6},"end":{"line":51,"column":null}},"24":{"start":{"line":53,"column":4},"end":{"line":56,"column":null}},"25":{"start":{"line":54,"column":6},"end":{"line":54,"column":null}},"26":{"start":{"line":55,"column":6},"end":{"line":55,"column":null}},"27":{"start":{"line":58,"column":4},"end":{"line":58,"column":null}},"28":{"start":{"line":59,"column":4},"end":{"line":59,"column":null}},"29":{"start":{"line":63,"column":23},"end":{"line":91,"column":null}},"30":{"start":{"line":64,"column":4},"end":{"line":64,"column":null}},"31":{"start":{"line":66,"column":4},"end":{"line":90,"column":null}},"32":{"start":{"line":67,"column":6},"end":{"line":67,"column":null}},"33":{"start":{"line":69,"column":6},"end":{"line":86,"column":null}},"34":{"start":{"line":74,"column":8},"end":{"line":74,"column":null}},"35":{"start":{"line":80,"column":8},"end":{"line":80,"column":null}},"36":{"start":{"line":84,"column":8},"end":{"line":84,"column":null}},"37":{"start":{"line":85,"column":8},"end":{"line":85,"column":null}},"38":{"start":{"line":89,"column":6},"end":{"line":89,"column":null}},"39":{"start":{"line":93,"column":2},"end":{"line":163,"column":null}},"40":{"start":{"line":109,"column":31},"end":{"line":109,"column":null}},"41":{"start":{"line":124,"column":31},"end":{"line":124,"column":null}},"42":{"start":{"line":138,"column":31},"end":{"line":138,"column":null}},"43":{"start":{"line":152,"column":31},"end":{"line":152,"column":null}}},"fnMap":{"0":{"name":"Registro","decl":{"start":{"line":12,"column":16},"end":{"line":12,"column":27}},"loc":{"start":{"line":12,"column":27},"end":{"line":165,"column":null}},"line":12},"1":{"name":"(anonymous_1)","decl":{"start":{"line":31,"column":28},"end":{"line":31,"column":43}},"loc":{"start":{"line":31,"column":43},"end":{"line":60,"column":null}},"line":31},"2":{"name":"(anonymous_2)","decl":{"start":{"line":63,"column":23},"end":{"line":63,"column":30}},"loc":{"start":{"line":63,"column":53},"end":{"line":91,"column":null}},"line":63},"3":{"name":"(anonymous_3)","decl":{"start":{"line":109,"column":24},"end":{"line":109,"column":25}},"loc":{"start":{"line":109,"column":31},"end":{"line":109,"column":null}},"line":109},"4":{"name":"(anonymous_4)","decl":{"start":{"line":124,"column":24},"end":{"line":124,"column":25}},"loc":{"start":{"line":124,"column":31},"end":{"line":124,"column":null}},"line":124},"5":{"name":"(anonymous_5)","decl":{"start":{"line":138,"column":24},"end":{"line":138,"column":25}},"loc":{"start":{"line":138,"column":31},"end":{"line":138,"column":null}},"line":138},"6":{"name":"(anonymous_6)","decl":{"start":{"line":152,"column":24},"end":{"line":152,"column":25}},"loc":{"start":{"line":152,"column":31},"end":{"line":152,"column":null}},"line":152}},"branchMap":{"0":{"loc":{"start":{"line":35,"column":4},"end":{"line":38,"column":null}},"type":"if","locations":[{"start":{"line":35,"column":4},"end":{"line":38,"column":null}},{"start":{},"end":{}}],"line":35},"1":{"loc":{"start":{"line":39,"column":4},"end":{"line":45,"column":null}},"type":"if","locations":[{"start":{"line":39,"column":4},"end":{"line":45,"column":null}},{"start":{"line":42,"column":4},"end":{"line":45,"column":null}}],"line":39},"2":{"loc":{"start":{"line":42,"column":4},"end":{"line":45,"column":null}},"type":"if","locations":[{"start":{"line":42,"column":4},"end":{"line":45,"column":null}},{"start":{},"end":{}}],"line":42},"3":{"loc":{"start":{"line":46,"column":4},"end":{"line":52,"column":null}},"type":"if","locations":[{"start":{"line":46,"column":4},"end":{"line":52,"column":null}},{"start":{"line":49,"column":4},"end":{"line":52,"column":null}}],"line":46},"4":{"loc":{"start":{"line":49,"column":4},"end":{"line":52,"column":null}},"type":"if","locations":[{"start":{"line":49,"column":4},"end":{"line":52,"column":null}},{"start":{},"end":{}}],"line":49},"5":{"loc":{"start":{"line":53,"column":4},"end":{"line":56,"column":null}},"type":"if","locations":[{"start":{"line":53,"column":4},"end":{"line":56,"column":null}},{"start":{},"end":{}}],"line":53},"6":{"loc":{"start":{"line":66,"column":4},"end":{"line":90,"column":null}},"type":"if","locations":[{"start":{"line":66,"column":4},"end":{"line":90,"column":null}},{"start":{"line":88,"column":11},"end":{"line":90,"column":null}}],"line":66},"7":{"loc":{"start":{"line":107,"column":41},"end":{"line":107,"column":75}},"type":"cond-expr","locations":[{"start":{"line":107,"column":58},"end":{"line":107,"column":73}},{"start":{"line":107,"column":73},"end":{"line":107,"column":75}}],"line":107},"8":{"loc":{"start":{"line":113,"column":13},"end":{"line":113,"column":null}},"type":"binary-expr","locations":[{"start":{"line":113,"column":13},"end":{"line":113,"column":31}},{"start":{"line":113,"column":31},"end":{"line":113,"column":null}}],"line":113},"9":{"loc":{"start":{"line":122,"column":41},"end":{"line":122,"column":74}},"type":"cond-expr","locations":[{"start":{"line":122,"column":57},"end":{"line":122,"column":72}},{"start":{"line":122,"column":72},"end":{"line":122,"column":74}}],"line":122},"10":{"loc":{"start":{"line":127,"column":13},"end":{"line":127,"column":null}},"type":"binary-expr","locations":[{"start":{"line":127,"column":13},"end":{"line":127,"column":30}},{"start":{"line":127,"column":30},"end":{"line":127,"column":null}}],"line":127},"11":{"loc":{"start":{"line":136,"column":41},"end":{"line":136,"column":77}},"type":"cond-expr","locations":[{"start":{"line":136,"column":60},"end":{"line":136,"column":75}},{"start":{"line":136,"column":75},"end":{"line":136,"column":77}}],"line":136},"12":{"loc":{"start":{"line":141,"column":13},"end":{"line":141,"column":null}},"type":"binary-expr","locations":[{"start":{"line":141,"column":13},"end":{"line":141,"column":33}},{"start":{"line":141,"column":33},"end":{"line":141,"column":null}}],"line":141},"13":{"loc":{"start":{"line":150,"column":41},"end":{"line":150,"column":84}},"type":"cond-expr","locations":[{"start":{"line":150,"column":67},"end":{"line":150,"column":82}},{"start":{"line":150,"column":82},"end":{"line":150,"column":84}}],"line":150},"14":{"loc":{"start":{"line":155,"column":13},"end":{"line":155,"column":null}},"type":"binary-expr","locations":[{"start":{"line":155,"column":13},"end":{"line":155,"column":40}},{"start":{"line":155,"column":40},"end":{"line":155,"column":null}}],"line":155}},"s":{"0":0,"1":0,"2":0,"3":0,"4":0,"5":0,"6":0,"7":0,"8":0,"9":0,"10":0,"11":0,"12":0,"13":0,"14":0,"15":0,"16":0,"17":0,"18":0,"19":0,"20":0,"21":0,"22":0,"23":0,"24":0,"25":0,"26":0,"27":0,"28":0,"29":0,"30":0,"31":0,"32":0,"33":0,"34":0,"35":0,"36":0,"37":0,"38":0,"39":0,"40":0,"41":0,"42":0,"43":0},"f":{"0":0,"1":0,"2":0,"3":0,"4":0,"5":0,"6":0},"b":{"0":[0,0],"1":[0,0],"2":[0,0],"3":[0,0],"4":[0,0],"5":[0,0],"6":[0,0],"7":[0,0],"8":[0,0],"9":[0,0],"10":[0,0],"11":[0,0],"12":[0,0],"13":[0,0],"14":[0,0]},"meta":{"lastBranch":15,"lastFunction":7,"lastStatement":44,"seen":{"f:12:16:12:27":0,"s:13:8:13:Infinity":0,"s:17:26:17:Infinity":1,"s:18:24:18:Infinity":2,"s:19:30:19:Infinity":3,"s:20:44:20:Infinity":4,"s:23:28:28:Infinity":5,"s:31:28:60:Infinity":6,"f:31:28:31:43":1,"s:32:42:32:Infinity":7,"s:33:19:33:Infinity":8,"b:35:4:38:Infinity:undefined:undefined:undefined:undefined":0,"s:35:4:38:Infinity":9,"s:36:6:36:Infinity":10,"s:37:6:37:Infinity":11,"b:39:4:45:Infinity:42:4:45:Infinity":1,"s:39:4:45:Infinity":12,"s:40:6:40:Infinity":13,"s:41:6:41:Infinity":14,"b:42:4:45:Infinity:undefined:undefined:undefined:undefined":2,"s:42:4:45:Infinity":15,"s:43:6:43:Infinity":16,"s:44:6:44:Infinity":17,"b:46:4:52:Infinity:49:4:52:Infinity":3,"s:46:4:52:Infinity":18,"s:47:6:47:Infinity":19,"s:48:6:48:Infinity":20,"b:49:4:52:Infinity:undefined:undefined:undefined:undefined":4,"s:49:4:52:Infinity":21,"s:50:6:50:Infinity":22,"s:51:6:51:Infinity":23,"b:53:4:56:Infinity:undefined:undefined:undefined:undefined":5,"s:53:4:56:Infinity":24,"s:54:6:54:Infinity":25,"s:55:6:55:Infinity":26,"s:58:4:58:Infinity":27,"s:59:4:59:Infinity":28,"s:63:23:91:Infinity":29,"f:63:23:63:30":2,"s:64:4:64:Infinity":30,"b:66:4:90:Infinity:88:11:90:Infinity":6,"s:66:4:90:Infinity":31,"s:67:6:67:Infinity":32,"s:69:6:86:Infinity":33,"s:74:8:74:Infinity":34,"s:80:8:80:Infinity":35,"s:84:8:84:Infinity":36,"s:85:8:85:Infinity":37,"s:89:6:89:Infinity":38,"s:93:2:163:Infinity":39,"b:107:58:107:73:107:73:107:75":7,"f:109:24:109:25":3,"s:109:31:109:Infinity":40,"b:113:13:113:31:113:31:113:Infinity":8,"b:122:57:122:72:122:72:122:74":9,"f:124:24:124:25":4,"s:124:31:124:Infinity":41,"b:127:13:127:30:127:30:127:Infinity":10,"b:136:60:136:75:136:75:136:77":11,"f:138:24:138:25":5,"s:138:31:138:Infinity":42,"b:141:13:141:33:141:33:141:Infinity":12,"b:150:67:150:82:150:82:150:84":13,"f:152:24:152:25":6,"s:152:31:152:Infinity":43,"b:155:13:155:40:155:40:155:Infinity":14}}}
,"C:\\Users\\Benjamin\\Desktop\\fullstack2\\Prueba2-Real-main\\src\\pages\\Reseñas.tsx": {"path":"C:\\Users\\Benjamin\\Desktop\\fullstack2\\Prueba2-Real-main\\src\\pages\\Reseñas.tsx","statementMap":{"0":{"start":{"line":4,"column":2},"end":{"line":124,"column":null}}},"fnMap":{"0":{"name":"Reseñas","decl":{"start":{"line":3,"column":16},"end":{"line":3,"column":26}},"loc":{"start":{"line":3,"column":26},"end":{"line":126,"column":null}},"line":3}},"branchMap":{},"s":{"0":0},"f":{"0":0},"b":{},"meta":{"lastBranch":0,"lastFunction":1,"lastStatement":1,"seen":{"f:3:16:3:26":0,"s:4:2:124:Infinity":0}}}
}
